<?xml version="1.0" encoding="UTF-8"?>
<!-- Generated by org.testng.reporters.JUnitReportReporter -->
<testsuite skipped="0" hostname="DESKTOP-DC8J6R5" name="testsAliEx.TestSearch" tests="1" failures="0" timestamp="2021-07-15T17:44:56 ART" time="21.644" errors="0">
  <testcase name="SortByLanzamiento" time="21.644" classname="testsAliEx.TestSearch"/>
  <system-out/>
</testsuite> <!-- testsAliEx.TestSearch -->
