<?xml version="1.0" encoding="UTF-8"?>
<!-- Generated by org.testng.reporters.JUnitReportReporter -->
<testsuite skipped="0" hostname="DESKTOP-DC8J6R5" name="Tests.Tests" tests="2" failures="0" timestamp="2021-06-11T17:04:25 ART" time="45.765" errors="0">
  <testcase name="searchSummerDresses" time="20.539" classname="Tests.Tests"/>
  <system-out/>
  <testcase name="sortDressesBySize" time="25.226" classname="Tests.Tests"/>
  <system-out/>
</testsuite> <!-- Tests.Tests -->
