<?xml version="1.0" encoding="UTF-8"?>
<!-- Generated by org.testng.reporters.JUnitReportReporter -->
<testsuite skipped="0" hostname="DESKTOP-DC8J6R5" name="Tests.TestsCreateAccount" tests="1" failures="0" timestamp="2021-07-15T17:57:06 ART" time="23.308" errors="0">
  <testcase name="createAccount" time="23.308" classname="Tests.TestsCreateAccount"/>
  <system-out/>
</testsuite> <!-- Tests.TestsCreateAccount -->
