<?xml version="1.0" encoding="UTF-8"?>
<!-- Generated by org.testng.reporters.JUnitReportReporter -->
<testsuite skipped="2" hostname="DESKTOP-DC8J6R5" name="Tests.Tests" tests="3" failures="0" timestamp="2021-07-15T17:55:59 ART" time="16.677" errors="0">
  <testcase name="searchSummerDresses" time="16.677" classname="Tests.Tests"/>
  <system-out/>
  <testcase name="clickOnCasualDresses" classname="Tests.Tests">
    <skipped/>
  </testcase> <!-- clickOnCasualDresses -->
  <system-out/>
  <testcase name="sortDressesBySize" classname="Tests.Tests">
    <skipped/>
  </testcase> <!-- sortDressesBySize -->
  <system-out/>
</testsuite> <!-- Tests.Tests -->
