<?xml version="1.0" encoding="UTF-8"?>
<!-- Generated by org.testng.reporters.JUnitReportReporter -->
<testsuite skipped="0" hostname="DESKTOP-DC8J6R5" name="Tests.TestSearch" tests="1" failures="0" timestamp="2021-07-02T13:19:12 ART" time="9.800" errors="0">
  <testcase name="searchSuperNintendo" time="9.800" classname="Tests.TestSearch"/>
  <system-out/>
</testsuite> <!-- Tests.TestSearch -->
